c:\users\alex\desktop\trabajo prueba\trabajo\debug\vc141.pdb
c:\users\alex\desktop\trabajo prueba\trabajo\debug\vc141.idb
c:\users\alex\desktop\trabajo prueba\trabajo\debug\juego.obj
c:\users\alex\desktop\trabajo prueba\trabajo\debug\vecctor3d.obj
c:\users\alex\desktop\trabajo prueba\trabajo\debug\pared.obj
c:\users\alex\desktop\trabajo prueba\trabajo\debug\disparo.obj
c:\users\alex\desktop\trabajo prueba\trabajo\debug\mundo.obj
c:\users\alex\desktop\trabajo prueba\trabajo\debug\vector3d.obj
c:\users\alex\desktop\trabajo prueba\trabajo\debug\personajes.obj
c:\users\alex\desktop\trabajo prueba\trabajo\debug\bonus.obj
c:\users\alex\desktop\trabajo prueba\trabajo\debug\listadisparos.obj
c:\users\alex\desktop\trabajo prueba\trabajo\debug\trabajo.exe
c:\users\alex\desktop\trabajo prueba\trabajo\debug\trabajo.ilk
c:\users\alex\desktop\trabajo prueba\trabajo\debug\trabajo.pdb
c:\users\alex\desktop\trabajo prueba\trabajo\debug\trabajo.tlog\cl.command.1.tlog
c:\users\alex\desktop\trabajo prueba\trabajo\debug\trabajo.tlog\cl.read.1.tlog
c:\users\alex\desktop\trabajo prueba\trabajo\debug\trabajo.tlog\cl.write.1.tlog
c:\users\alex\desktop\trabajo prueba\trabajo\debug\trabajo.tlog\link.command.1.tlog
c:\users\alex\desktop\trabajo prueba\trabajo\debug\trabajo.tlog\link.read.1.tlog
c:\users\alex\desktop\trabajo prueba\trabajo\debug\trabajo.tlog\link.write.1.tlog
